<?xml version="1.0" encoding="UTF-8"?>
<testng-results ignored="0" total="2" passed="1" failed="1" skipped="0">
  <reporter-output>
  </reporter-output>
  <suite started-at="2020-02-16T07:26:18Z" name="Default suite" finished-at="2020-02-16T07:27:12Z" duration-ms="53873">
    <groups>
    </groups>
    <test started-at="2020-02-16T07:26:18Z" name="Default test" finished-at="2020-02-16T07:27:12Z" duration-ms="53873">
      <class name="Tests.Homepagetest">
        <test-method is-config="true" signature="BeforeClass()[pri:0, instance:Tests.Homepagetest@1a84f40f]" started-at="2020-02-16T07:26:18Z" name="BeforeClass" finished-at="2020-02-16T07:26:35Z" duration-ms="16312" status="PASS">
          <reporter-output>
          </reporter-output>
        </test-method> <!-- BeforeClass -->
        <test-method is-config="true" signature="BeforeMethod()[pri:0, instance:Tests.Homepagetest@1a84f40f]" started-at="2020-02-16T07:26:35Z" name="BeforeMethod" finished-at="2020-02-16T07:27:07Z" duration-ms="32376" status="PASS">
          <reporter-output>
          </reporter-output>
        </test-method> <!-- BeforeMethod -->
        <test-method signature="CheckTitle()[pri:0, instance:Tests.Homepagetest@1a84f40f]" started-at="2020-02-16T07:27:07Z" name="CheckTitle" finished-at="2020-02-16T07:27:07Z" duration-ms="167" status="FAIL">
          <exception class="java.lang.AssertionError">
            <message>
              <![CDATA[expected [Book Bus Travels, AC Volvo Bus, Hotels & Bus Hire - redBus] but found [Book Bus Travels, AC Volvo Bus, rPool & Bus Hire - redBus India]]]>
            </message>
            <full-stacktrace>
              <![CDATA[java.lang.AssertionError: expected [Book Bus Travels, AC Volvo Bus, Hotels & Bus Hire - redBus] but found [Book Bus Travels, AC Volvo Bus, rPool & Bus Hire - redBus India]
at org.testng.Assert.fail(Assert.java:96)
at org.testng.Assert.failNotEquals(Assert.java:776)
at org.testng.Assert.assertEqualsImpl(Assert.java:137)
at org.testng.Assert.assertEquals(Assert.java:118)
at org.testng.Assert.assertEquals(Assert.java:453)
at org.testng.Assert.assertEquals(Assert.java:463)
at Tests.Homepagetest.CheckTitle(Homepagetest.java:13)
at java.base/jdk.internal.reflect.NativeMethodAccessorImpl.invoke0(Native Method)
at java.base/jdk.internal.reflect.NativeMethodAccessorImpl.invoke(NativeMethodAccessorImpl.java:62)
at java.base/jdk.internal.reflect.DelegatingMethodAccessorImpl.invoke(DelegatingMethodAccessorImpl.java:43)
at java.base/java.lang.reflect.Method.invoke(Method.java:567)
at org.testng.internal.MethodInvocationHelper.invokeMethod(MethodInvocationHelper.java:124)
at org.testng.internal.Invoker.invokeMethod(Invoker.java:583)
at org.testng.internal.Invoker.invokeTestMethod(Invoker.java:719)
at org.testng.internal.Invoker.invokeTestMethods(Invoker.java:989)
at org.testng.internal.TestMethodWorker.invokeTestMethods(TestMethodWorker.java:125)
at org.testng.internal.TestMethodWorker.run(TestMethodWorker.java:109)
at org.testng.TestRunner.privateRun(TestRunner.java:648)
at org.testng.TestRunner.run(TestRunner.java:505)
at org.testng.SuiteRunner.runTest(SuiteRunner.java:455)
at org.testng.SuiteRunner.runSequentially(SuiteRunner.java:450)
at org.testng.SuiteRunner.privateRun(SuiteRunner.java:415)
at org.testng.SuiteRunner.run(SuiteRunner.java:364)
at org.testng.SuiteRunnerWorker.runSuite(SuiteRunnerWorker.java:52)
at org.testng.SuiteRunnerWorker.run(SuiteRunnerWorker.java:84)
at org.testng.TestNG.runSuitesSequentially(TestNG.java:1208)
at org.testng.TestNG.runSuitesLocally(TestNG.java:1137)
at org.testng.TestNG.runSuites(TestNG.java:1049)
at org.testng.TestNG.run(TestNG.java:1017)
at org.testng.remote.AbstractRemoteTestNG.run(AbstractRemoteTestNG.java:115)
at org.testng.remote.RemoteTestNG.initAndRun(RemoteTestNG.java:251)
at org.testng.remote.RemoteTestNG.main(RemoteTestNG.java:77)
]]>
            </full-stacktrace>
          </exception> <!-- java.lang.AssertionError -->
          <reporter-output>
          </reporter-output>
        </test-method> <!-- CheckTitle -->
        <test-method is-config="true" signature="BeforeMethod()[pri:0, instance:Tests.Homepagetest@1a84f40f]" started-at="2020-02-16T07:27:07Z" name="BeforeMethod" finished-at="2020-02-16T07:27:12Z" duration-ms="4627" status="PASS">
          <reporter-output>
          </reporter-output>
        </test-method> <!-- BeforeMethod -->
        <test-method signature="GetCurrentUrl()[pri:0, instance:Tests.Homepagetest@1a84f40f]" started-at="2020-02-16T07:27:12Z" name="GetCurrentUrl" finished-at="2020-02-16T07:27:12Z" duration-ms="27" status="PASS">
          <reporter-output>
          </reporter-output>
        </test-method> <!-- GetCurrentUrl -->
      </class> <!-- Tests.Homepagetest -->
    </test> <!-- Default test -->
  </suite> <!-- Default suite -->
</testng-results>
